This file contains any messages produced by compilers while
running configure, to aid debugging if configure makes a mistake.

It was created by libdrdc configure 0.2-0, which was
generated by GNU Autoconf 2.69.  Invocation command line was

  $ ./configure --with-atlas --no-create --no-recursion

## --------- ##
## Platform. ##
## --------- ##

hostname = dropship
uname -m = x86_64
uname -r = 3.16.0-24-generic
uname -s = Linux
uname -v = #32-Ubuntu SMP Tue Oct 28 13:07:32 UTC 2014

/usr/bin/uname -p = unknown
/bin/uname -X     = unknown

/bin/arch              = unknown
/usr/bin/arch -k       = unknown
/usr/convex/getsysinfo = unknown
/usr/bin/hostinfo      = unknown
/bin/machine           = unknown
/usr/bin/oslevel       = unknown
/bin/universe          = unknown

PATH: /home/dave/bin
PATH: /usr/local/sbin
PATH: /usr/local/bin
PATH: /usr/sbin
PATH: /usr/bin
PATH: /sbin
PATH: /bin
PATH: /usr/games
PATH: /usr/local/games


## ----------- ##
## Core tests. ##
## ----------- ##

configure:2424: checking for a BSD-compatible install
configure:2492: result: /usr/bin/install -c
configure:2503: checking whether build environment is sane
configure:2558: result: yes
configure:2709: checking for a thread-safe mkdir -p
configure:2748: result: /bin/mkdir -p
configure:2755: checking for gawk
configure:2771: found /usr/bin/gawk
configure:2782: result: gawk
configure:2793: checking whether make sets $(MAKE)
configure:2815: result: yes
configure:2844: checking whether make supports nested variables
configure:2861: result: yes
configure:2993: checking build system type
configure:3007: result: x86_64-unknown-linux-gnu
configure:3027: checking host system type
configure:3040: result: x86_64-unknown-linux-gnu
configure:3060: checking target system type
configure:3073: result: x86_64-unknown-linux-gnu
configure:3111: checking for style of include used by make
configure:3139: result: GNU
configure:3210: checking for gcc
configure:3226: found /usr/bin/gcc
configure:3237: result: gcc
configure:3466: checking for C compiler version
configure:3475: gcc --version >&5
gcc (Ubuntu 4.9.1-16ubuntu6) 4.9.1
Copyright (C) 2014 Free Software Foundation, Inc.
This is free software; see the source for copying conditions.  There is NO
warranty; not even for MERCHANTABILITY or FITNESS FOR A PARTICULAR PURPOSE.

configure:3486: $? = 0
configure:3475: gcc -v >&5
Using built-in specs.
COLLECT_GCC=gcc
COLLECT_LTO_WRAPPER=/usr/lib/gcc/x86_64-linux-gnu/4.9/lto-wrapper
Target: x86_64-linux-gnu
Configured with: ../src/configure -v --with-pkgversion='Ubuntu 4.9.1-16ubuntu6' --with-bugurl=file:///usr/share/doc/gcc-4.9/README.Bugs --enable-languages=c,c++,java,go,d,fortran,objc,obj-c++ --prefix=/usr --program-suffix=-4.9 --enable-shared --enable-linker-build-id --libexecdir=/usr/lib --without-included-gettext --enable-threads=posix --with-gxx-include-dir=/usr/include/c++/4.9 --libdir=/usr/lib --enable-nls --with-sysroot=/ --enable-clocale=gnu --enable-libstdcxx-debug --enable-libstdcxx-time=yes --enable-gnu-unique-object --disable-vtable-verify --enable-plugin --with-system-zlib --disable-browser-plugin --enable-java-awt=gtk --enable-gtk-cairo --with-java-home=/usr/lib/jvm/java-1.5.0-gcj-4.9-amd64/jre --enable-java-home --with-jvm-root-dir=/usr/lib/jvm/java-1.5.0-gcj-4.9-amd64 --with-jvm-jar-dir=/usr/lib/jvm-exports/java-1.5.0-gcj-4.9-amd64 --with-arch-directory=amd64 --with-ecj-jar=/usr/share/java/eclipse-ecj.jar --enable-objc-gc --enable-multiarch --disable-werror --with-arch-32=i686 --with-abi=m64 --with-multilib-list=m32,m64,mx32 --enable-multilib --with-tune=generic --enable-checking=release --build=x86_64-linux-gnu --host=x86_64-linux-gnu --target=x86_64-linux-gnu
Thread model: posix
gcc version 4.9.1 (Ubuntu 4.9.1-16ubuntu6) 
configure:3486: $? = 0
configure:3475: gcc -V >&5
gcc: error: unrecognized command line option '-V'
gcc: fatal error: no input files
compilation terminated.
configure:3486: $? = 4
configure:3475: gcc -qversion >&5
gcc: error: unrecognized command line option '-qversion'
gcc: fatal error: no input files
compilation terminated.
configure:3486: $? = 4
configure:3506: checking whether the C compiler works
configure:3528: gcc    conftest.c  >&5
configure:3532: $? = 0
configure:3580: result: yes
configure:3583: checking for C compiler default output file name
configure:3585: result: a.out
configure:3591: checking for suffix of executables
configure:3598: gcc -o conftest    conftest.c  >&5
configure:3602: $? = 0
configure:3624: result: 
configure:3646: checking whether we are cross compiling
configure:3654: gcc -o conftest    conftest.c  >&5
configure:3658: $? = 0
configure:3665: ./conftest
configure:3669: $? = 0
configure:3684: result: no
configure:3689: checking for suffix of object files
configure:3711: gcc -c   conftest.c >&5
configure:3715: $? = 0
configure:3736: result: o
configure:3740: checking whether we are using the GNU C compiler
configure:3759: gcc -c   conftest.c >&5
configure:3759: $? = 0
configure:3768: result: yes
configure:3777: checking whether gcc accepts -g
configure:3797: gcc -c -g  conftest.c >&5
configure:3797: $? = 0
configure:3838: result: yes
configure:3855: checking for gcc option to accept ISO C89
configure:3918: gcc  -c -g -O2  conftest.c >&5
configure:3918: $? = 0
configure:3931: result: none needed
configure:3956: checking whether gcc understands -c and -o together
configure:3978: gcc -c conftest.c -o conftest2.o
configure:3981: $? = 0
configure:3978: gcc -c conftest.c -o conftest2.o
configure:3981: $? = 0
configure:3993: result: yes
configure:4012: checking dependency style of gcc
configure:4123: result: gcc3
configure:4188: checking for ar
configure:4204: found /usr/bin/ar
configure:4215: result: ar
configure:4241: checking the archiver (ar) interface
configure:4257: gcc -c -g -O2  conftest.c >&5
configure:4257: $? = 0
configure:4259: ar cru libconftest.a conftest.o >&5
configure:4262: $? = 0
configure:4290: result: ar
configure:4356: checking how to print strings
configure:4383: result: printf
configure:4404: checking for a sed that does not truncate output
configure:4468: result: /bin/sed
configure:4486: checking for grep that handles long lines and -e
configure:4544: result: /bin/grep
configure:4549: checking for egrep
configure:4611: result: /bin/grep -E
configure:4616: checking for fgrep
configure:4678: result: /bin/grep -F
configure:4713: checking for ld used by gcc
configure:4780: result: /usr/bin/ld
configure:4787: checking if the linker (/usr/bin/ld) is GNU ld
configure:4802: result: yes
configure:4814: checking for BSD- or MS-compatible name lister (nm)
configure:4863: result: /usr/bin/nm -B
configure:4993: checking the name lister (/usr/bin/nm -B) interface
configure:5000: gcc -c -g -O2  conftest.c >&5
configure:5003: /usr/bin/nm -B "conftest.o"
configure:5006: output
0000000000000000 B some_variable
configure:5013: result: BSD nm
configure:5016: checking whether ln -s works
configure:5020: result: yes
configure:5028: checking the maximum length of command line arguments
configure:5159: result: 1572864
configure:5176: checking whether the shell understands some XSI constructs
configure:5186: result: yes
configure:5190: checking whether the shell understands "+="
configure:5196: result: yes
configure:5231: checking how to convert x86_64-unknown-linux-gnu file names to x86_64-unknown-linux-gnu format
configure:5271: result: func_convert_file_noop
configure:5278: checking how to convert x86_64-unknown-linux-gnu file names to toolchain format
configure:5298: result: func_convert_file_noop
configure:5305: checking for /usr/bin/ld option to reload object files
configure:5312: result: -r
configure:5386: checking for objdump
configure:5402: found /usr/bin/objdump
configure:5413: result: objdump
configure:5445: checking how to recognize dependent libraries
configure:5643: result: pass_all
configure:5728: checking for dlltool
configure:5758: result: no
configure:5788: checking how to associate runtime and link libraries
configure:5815: result: printf %s\n
configure:5939: checking for archiver @FILE support
configure:5956: gcc -c -g -O2  conftest.c >&5
configure:5956: $? = 0
configure:5959: ar cru libconftest.a @conftest.lst >&5
configure:5962: $? = 0
configure:5967: ar cru libconftest.a @conftest.lst >&5
ar: conftest.o: No such file or directory
configure:5970: $? = 1
configure:5982: result: @
configure:6040: checking for strip
configure:6056: found /usr/bin/strip
configure:6067: result: strip
configure:6139: checking for ranlib
configure:6155: found /usr/bin/ranlib
configure:6166: result: ranlib
configure:6268: checking command to parse /usr/bin/nm -B output from gcc object
configure:6388: gcc -c -g -O2  conftest.c >&5
configure:6391: $? = 0
configure:6395: /usr/bin/nm -B conftest.o \| sed -n -e 's/^.*[ ]\([ABCDGIRSTW][ABCDGIRSTW]*\)[ ][ ]*\([_A-Za-z][_A-Za-z0-9]*\)$/\1 \2 \2/p' | sed '/ __gnu_lto/d' \> conftest.nm
configure:6398: $? = 0
configure:6464: gcc -o conftest -g -O2   conftest.c conftstm.o >&5
configure:6467: $? = 0
configure:6505: result: ok
configure:6542: checking for sysroot
configure:6572: result: no
configure:6649: gcc -c -g -O2  conftest.c >&5
configure:6652: $? = 0
configure:6841: checking for mt
configure:6857: found /bin/mt
configure:6868: result: mt
configure:6891: checking if mt is a manifest tool
configure:6897: mt '-?'
configure:6905: result: no
configure:7547: checking how to run the C preprocessor
configure:7578: gcc -E  conftest.c
configure:7578: $? = 0
configure:7592: gcc -E  conftest.c
conftest.c:11:28: fatal error: ac_nonexistent.h: No such file or directory
 #include <ac_nonexistent.h>
                            ^
compilation terminated.
configure:7592: $? = 1
configure: failed program was:
| /* confdefs.h */
| #define PACKAGE_NAME "libdrdc"
| #define PACKAGE_TARNAME "libdrdc"
| #define PACKAGE_VERSION "0.2-0"
| #define PACKAGE_STRING "libdrdc 0.2-0"
| #define PACKAGE_BUGREPORT ""
| #define PACKAGE_URL ""
| #define PACKAGE "libdrdc"
| #define VERSION "0.2-0"
| /* end confdefs.h.  */
| #include <ac_nonexistent.h>
configure:7617: result: gcc -E
configure:7637: gcc -E  conftest.c
configure:7637: $? = 0
configure:7651: gcc -E  conftest.c
conftest.c:11:28: fatal error: ac_nonexistent.h: No such file or directory
 #include <ac_nonexistent.h>
                            ^
compilation terminated.
configure:7651: $? = 1
configure: failed program was:
| /* confdefs.h */
| #define PACKAGE_NAME "libdrdc"
| #define PACKAGE_TARNAME "libdrdc"
| #define PACKAGE_VERSION "0.2-0"
| #define PACKAGE_STRING "libdrdc 0.2-0"
| #define PACKAGE_BUGREPORT ""
| #define PACKAGE_URL ""
| #define PACKAGE "libdrdc"
| #define VERSION "0.2-0"
| /* end confdefs.h.  */
| #include <ac_nonexistent.h>
configure:7680: checking for ANSI C header files
configure:7700: gcc -c -g -O2  conftest.c >&5
configure:7700: $? = 0
configure:7773: gcc -o conftest -g -O2   conftest.c  >&5
configure:7773: $? = 0
configure:7773: ./conftest
configure:7773: $? = 0
configure:7784: result: yes
configure:7797: checking for sys/types.h
configure:7797: gcc -c -g -O2  conftest.c >&5
configure:7797: $? = 0
configure:7797: result: yes
configure:7797: checking for sys/stat.h
configure:7797: gcc -c -g -O2  conftest.c >&5
configure:7797: $? = 0
configure:7797: result: yes
configure:7797: checking for stdlib.h
configure:7797: gcc -c -g -O2  conftest.c >&5
configure:7797: $? = 0
configure:7797: result: yes
configure:7797: checking for string.h
configure:7797: gcc -c -g -O2  conftest.c >&5
configure:7797: $? = 0
configure:7797: result: yes
configure:7797: checking for memory.h
configure:7797: gcc -c -g -O2  conftest.c >&5
configure:7797: $? = 0
configure:7797: result: yes
configure:7797: checking for strings.h
configure:7797: gcc -c -g -O2  conftest.c >&5
configure:7797: $? = 0
configure:7797: result: yes
configure:7797: checking for inttypes.h
configure:7797: gcc -c -g -O2  conftest.c >&5
configure:7797: $? = 0
configure:7797: result: yes
configure:7797: checking for stdint.h
configure:7797: gcc -c -g -O2  conftest.c >&5
configure:7797: $? = 0
configure:7797: result: yes
configure:7797: checking for unistd.h
configure:7797: gcc -c -g -O2  conftest.c >&5
configure:7797: $? = 0
configure:7797: result: yes
configure:7811: checking for dlfcn.h
configure:7811: gcc -c -g -O2  conftest.c >&5
configure:7811: $? = 0
configure:7811: result: yes
configure:8017: checking for objdir
configure:8032: result: .libs
configure:8303: checking if gcc supports -fno-rtti -fno-exceptions
configure:8321: gcc -c -g -O2  -fno-rtti -fno-exceptions conftest.c >&5
cc1: warning: command line option '-fno-rtti' is valid for C++/ObjC++ but not for C
configure:8325: $? = 0
configure:8338: result: no
configure:8665: checking for gcc option to produce PIC
configure:8672: result: -fPIC -DPIC
configure:8680: checking if gcc PIC flag -fPIC -DPIC works
configure:8698: gcc -c -g -O2  -fPIC -DPIC -DPIC conftest.c >&5
configure:8702: $? = 0
configure:8715: result: yes
configure:8744: checking if gcc static flag -static works
configure:8772: result: yes
configure:8787: checking if gcc supports -c -o file.o
configure:8808: gcc -c -g -O2  -o out/conftest2.o conftest.c >&5
configure:8812: $? = 0
configure:8834: result: yes
configure:8842: checking if gcc supports -c -o file.o
configure:8889: result: yes
configure:8922: checking whether the gcc linker (/usr/bin/ld -m elf_x86_64) supports shared libraries
configure:10079: result: yes
configure:10116: checking whether -lc should be explicitly linked in
configure:10124: gcc -c -g -O2  conftest.c >&5
configure:10127: $? = 0
configure:10142: gcc -shared  -fPIC -DPIC conftest.o  -v -Wl,-soname -Wl,conftest -o conftest 2\>\&1 \| /bin/grep  -lc  \>/dev/null 2\>\&1
configure:10145: $? = 0
configure:10159: result: no
configure:10319: checking dynamic linker characteristics
configure:10819: gcc -o conftest -g -O2   -Wl,-rpath -Wl,/foo conftest.c  >&5
configure:10819: $? = 0
configure:11053: result: GNU/Linux ld.so
configure:11160: checking how to hardcode library paths into programs
configure:11185: result: immediate
configure:11725: checking whether stripping libraries is possible
configure:11730: result: yes
configure:11765: checking if libtool supports shared libraries
configure:11767: result: yes
configure:11770: checking whether to build shared libraries
configure:11791: result: yes
configure:11794: checking whether to build static libraries
configure:11798: result: yes
configure:11905: checking for pkg-config
configure:11923: found /usr/bin/pkg-config
configure:11935: result: /usr/bin/pkg-config
configure:11960: checking pkg-config is at least version 0.9.0
configure:11963: result: yes
configure:12010: checking Target OS type
configure:12019: checking target OS
configure:12035: result: GNU
configure:12119: checking dependency style of gcc
configure:12230: result: gcc3
configure:12403: checking for gcc option to accept ISO C99
configure:12552: gcc  -c -g -O2  conftest.c >&5
conftest.c:76:29: error: expected ';', ',' or ')' before 'text'
 test_restrict (ccp restrict text)
                             ^
conftest.c: In function 'main':
conftest.c:130:18: error: expected '=', ',', ';', 'asm' or '__attribute__' before 'newvar'
   char *restrict newvar = "Another string";
                  ^
conftest.c:130:18: error: 'newvar' undeclared (first use in this function)
conftest.c:130:18: note: each undeclared identifier is reported only once for each function it appears in
conftest.c:140:3: error: 'for' loop initial declarations are only allowed in C99 or C11 mode
   for (int i = 0; i < ia->datasize; ++i)
   ^
conftest.c:140:3: note: use option -std=c99, -std=gnu99, -std=c11 or -std=gnu11 to compile your code
configure:12552: $? = 1
configure: failed program was:
| /* confdefs.h */
| #define PACKAGE_NAME "libdrdc"
| #define PACKAGE_TARNAME "libdrdc"
| #define PACKAGE_VERSION "0.2-0"
| #define PACKAGE_STRING "libdrdc 0.2-0"
| #define PACKAGE_BUGREPORT ""
| #define PACKAGE_URL ""
| #define PACKAGE "libdrdc"
| #define VERSION "0.2-0"
| #define STDC_HEADERS 1
| #define HAVE_SYS_TYPES_H 1
| #define HAVE_SYS_STAT_H 1
| #define HAVE_STDLIB_H 1
| #define HAVE_STRING_H 1
| #define HAVE_MEMORY_H 1
| #define HAVE_STRINGS_H 1
| #define HAVE_INTTYPES_H 1
| #define HAVE_STDINT_H 1
| #define HAVE_UNISTD_H 1
| #define HAVE_DLFCN_H 1
| #define LT_OBJDIR ".libs/"
| #define TARGET_OS "gnu"
| #define PACKAGE "libdrdc"
| #define VERSION "0.2-0"
| /* end confdefs.h.  */
| #include <stdarg.h>
| #include <stdbool.h>
| #include <stdlib.h>
| #include <wchar.h>
| #include <stdio.h>
| 
| // Check varargs macros.  These examples are taken from C99 6.10.3.5.
| #define debug(...) fprintf (stderr, __VA_ARGS__)
| #define showlist(...) puts (#__VA_ARGS__)
| #define report(test,...) ((test) ? puts (#test) : printf (__VA_ARGS__))
| static void
| test_varargs_macros (void)
| {
|   int x = 1234;
|   int y = 5678;
|   debug ("Flag");
|   debug ("X = %d\n", x);
|   showlist (The first, second, and third items.);
|   report (x>y, "x is %d but y is %d", x, y);
| }
| 
| // Check long long types.
| #define BIG64 18446744073709551615ull
| #define BIG32 4294967295ul
| #define BIG_OK (BIG64 / BIG32 == 4294967297ull && BIG64 % BIG32 == 0)
| #if !BIG_OK
|   your preprocessor is broken;
| #endif
| #if BIG_OK
| #else
|   your preprocessor is broken;
| #endif
| static long long int bignum = -9223372036854775807LL;
| static unsigned long long int ubignum = BIG64;
| 
| struct incomplete_array
| {
|   int datasize;
|   double data[];
| };
| 
| struct named_init {
|   int number;
|   const wchar_t *name;
|   double average;
| };
| 
| typedef const char *ccp;
| 
| static inline int
| test_restrict (ccp restrict text)
| {
|   // See if C++-style comments work.
|   // Iterate through items via the restricted pointer.
|   // Also check for declarations in for loops.
|   for (unsigned int i = 0; *(text+i) != '\0'; ++i)
|     continue;
|   return 0;
| }
| 
| // Check varargs and va_copy.
| static void
| test_varargs (const char *format, ...)
| {
|   va_list args;
|   va_start (args, format);
|   va_list args_copy;
|   va_copy (args_copy, args);
| 
|   const char *str;
|   int number;
|   float fnumber;
| 
|   while (*format)
|     {
|       switch (*format++)
| 	{
| 	case 's': // string
| 	  str = va_arg (args_copy, const char *);
| 	  break;
| 	case 'd': // int
| 	  number = va_arg (args_copy, int);
| 	  break;
| 	case 'f': // float
| 	  fnumber = va_arg (args_copy, double);
| 	  break;
| 	default:
| 	  break;
| 	}
|     }
|   va_end (args_copy);
|   va_end (args);
| }
| 
| int
| main ()
| {
| 
|   // Check bool.
|   _Bool success = false;
| 
|   // Check restrict.
|   if (test_restrict ("String literal") == 0)
|     success = true;
|   char *restrict newvar = "Another string";
| 
|   // Check varargs.
|   test_varargs ("s, d' f .", "string", 65, 34.234);
|   test_varargs_macros ();
| 
|   // Check flexible array members.
|   struct incomplete_array *ia =
|     malloc (sizeof (struct incomplete_array) + (sizeof (double) * 10));
|   ia->datasize = 10;
|   for (int i = 0; i < ia->datasize; ++i)
|     ia->data[i] = i * 1.234;
| 
|   // Check named initializers.
|   struct named_init ni = {
|     .number = 34,
|     .name = L"Test wide string",
|     .average = 543.34343,
|   };
| 
|   ni.number = 58;
| 
|   int dynamic_array[ni.number];
|   dynamic_array[ni.number - 1] = 543;
| 
|   // work around unused variable warnings
|   return (!success || bignum == 0LL || ubignum == 0uLL || newvar[0] == 'x'
| 	  || dynamic_array[ni.number - 1] != 543);
| 
|   ;
|   return 0;
| }
configure:12552: gcc -std=gnu99 -c -g -O2  conftest.c >&5
configure:12552: $? = 0
configure:12572: result: -std=gnu99
configure:12673: checking for gcc -std=gnu99 option to accept ISO Standard C
configure:12687: result: -std=gnu99
configure:12749: checking for g++
configure:12765: found /usr/bin/g++
configure:12776: result: g++
configure:12803: checking for C++ compiler version
configure:12812: g++ --version >&5
g++ (Ubuntu 4.9.1-16ubuntu6) 4.9.1
Copyright (C) 2014 Free Software Foundation, Inc.
This is free software; see the source for copying conditions.  There is NO
warranty; not even for MERCHANTABILITY or FITNESS FOR A PARTICULAR PURPOSE.

configure:12823: $? = 0
configure:12812: g++ -v >&5
Using built-in specs.
COLLECT_GCC=g++
COLLECT_LTO_WRAPPER=/usr/lib/gcc/x86_64-linux-gnu/4.9/lto-wrapper
Target: x86_64-linux-gnu
Configured with: ../src/configure -v --with-pkgversion='Ubuntu 4.9.1-16ubuntu6' --with-bugurl=file:///usr/share/doc/gcc-4.9/README.Bugs --enable-languages=c,c++,java,go,d,fortran,objc,obj-c++ --prefix=/usr --program-suffix=-4.9 --enable-shared --enable-linker-build-id --libexecdir=/usr/lib --without-included-gettext --enable-threads=posix --with-gxx-include-dir=/usr/include/c++/4.9 --libdir=/usr/lib --enable-nls --with-sysroot=/ --enable-clocale=gnu --enable-libstdcxx-debug --enable-libstdcxx-time=yes --enable-gnu-unique-object --disable-vtable-verify --enable-plugin --with-system-zlib --disable-browser-plugin --enable-java-awt=gtk --enable-gtk-cairo --with-java-home=/usr/lib/jvm/java-1.5.0-gcj-4.9-amd64/jre --enable-java-home --with-jvm-root-dir=/usr/lib/jvm/java-1.5.0-gcj-4.9-amd64 --with-jvm-jar-dir=/usr/lib/jvm-exports/java-1.5.0-gcj-4.9-amd64 --with-arch-directory=amd64 --with-ecj-jar=/usr/share/java/eclipse-ecj.jar --enable-objc-gc --enable-multiarch --disable-werror --with-arch-32=i686 --with-abi=m64 --with-multilib-list=m32,m64,mx32 --enable-multilib --with-tune=generic --enable-checking=release --build=x86_64-linux-gnu --host=x86_64-linux-gnu --target=x86_64-linux-gnu
Thread model: posix
gcc version 4.9.1 (Ubuntu 4.9.1-16ubuntu6) 
configure:12823: $? = 0
configure:12812: g++ -V >&5
g++: error: unrecognized command line option '-V'
g++: fatal error: no input files
compilation terminated.
configure:12823: $? = 4
configure:12812: g++ -qversion >&5
g++: error: unrecognized command line option '-qversion'
g++: fatal error: no input files
compilation terminated.
configure:12823: $? = 4
configure:12827: checking whether we are using the GNU C++ compiler
configure:12846: g++ -c   conftest.cpp >&5
configure:12846: $? = 0
configure:12855: result: yes
configure:12864: checking whether g++ accepts -g
configure:12884: g++ -c -g  conftest.cpp >&5
configure:12884: $? = 0
configure:12925: result: yes
configure:12950: checking dependency style of g++
configure:13061: result: gcc3
configure:13094: checking how to run the C++ preprocessor
configure:13121: g++ -E  conftest.cpp
configure:13121: $? = 0
configure:13135: g++ -E  conftest.cpp
conftest.cpp:26:28: fatal error: ac_nonexistent.h: No such file or directory
 #include <ac_nonexistent.h>
                            ^
compilation terminated.
configure:13135: $? = 1
configure: failed program was:
| /* confdefs.h */
| #define PACKAGE_NAME "libdrdc"
| #define PACKAGE_TARNAME "libdrdc"
| #define PACKAGE_VERSION "0.2-0"
| #define PACKAGE_STRING "libdrdc 0.2-0"
| #define PACKAGE_BUGREPORT ""
| #define PACKAGE_URL ""
| #define PACKAGE "libdrdc"
| #define VERSION "0.2-0"
| #define STDC_HEADERS 1
| #define HAVE_SYS_TYPES_H 1
| #define HAVE_SYS_STAT_H 1
| #define HAVE_STDLIB_H 1
| #define HAVE_STRING_H 1
| #define HAVE_MEMORY_H 1
| #define HAVE_STRINGS_H 1
| #define HAVE_INTTYPES_H 1
| #define HAVE_STDINT_H 1
| #define HAVE_UNISTD_H 1
| #define HAVE_DLFCN_H 1
| #define LT_OBJDIR ".libs/"
| #define TARGET_OS "gnu"
| #define PACKAGE "libdrdc"
| #define VERSION "0.2-0"
| /* end confdefs.h.  */
| #include <ac_nonexistent.h>
configure:13160: result: g++ -E
configure:13180: g++ -E  conftest.cpp
configure:13180: $? = 0
configure:13194: g++ -E  conftest.cpp
conftest.cpp:26:28: fatal error: ac_nonexistent.h: No such file or directory
 #include <ac_nonexistent.h>
                            ^
compilation terminated.
configure:13194: $? = 1
configure: failed program was:
| /* confdefs.h */
| #define PACKAGE_NAME "libdrdc"
| #define PACKAGE_TARNAME "libdrdc"
| #define PACKAGE_VERSION "0.2-0"
| #define PACKAGE_STRING "libdrdc 0.2-0"
| #define PACKAGE_BUGREPORT ""
| #define PACKAGE_URL ""
| #define PACKAGE "libdrdc"
| #define VERSION "0.2-0"
| #define STDC_HEADERS 1
| #define HAVE_SYS_TYPES_H 1
| #define HAVE_SYS_STAT_H 1
| #define HAVE_STDLIB_H 1
| #define HAVE_STRING_H 1
| #define HAVE_MEMORY_H 1
| #define HAVE_STRINGS_H 1
| #define HAVE_INTTYPES_H 1
| #define HAVE_STDINT_H 1
| #define HAVE_UNISTD_H 1
| #define HAVE_DLFCN_H 1
| #define LT_OBJDIR ".libs/"
| #define TARGET_OS "gnu"
| #define PACKAGE "libdrdc"
| #define VERSION "0.2-0"
| /* end confdefs.h.  */
| #include <ac_nonexistent.h>
configure:13363: checking for ld used by g++
configure:13430: result: /usr/bin/ld -m elf_x86_64
configure:13437: checking if the linker (/usr/bin/ld -m elf_x86_64) is GNU ld
configure:13452: result: yes
configure:13507: checking whether the g++ linker (/usr/bin/ld -m elf_x86_64) supports shared libraries
configure:14509: result: yes
configure:14545: g++ -c -g -O2  conftest.cpp >&5
configure:14548: $? = 0
configure:15068: checking for g++ option to produce PIC
configure:15075: result: -fPIC -DPIC
configure:15083: checking if g++ PIC flag -fPIC -DPIC works
configure:15101: g++ -c -g -O2  -fPIC -DPIC -DPIC conftest.cpp >&5
configure:15105: $? = 0
configure:15118: result: yes
configure:15141: checking if g++ static flag -static works
configure:15169: result: yes
configure:15181: checking if g++ supports -c -o file.o
configure:15202: g++ -c -g -O2  -o out/conftest2.o conftest.cpp >&5
configure:15206: $? = 0
configure:15228: result: yes
configure:15233: checking if g++ supports -c -o file.o
configure:15280: result: yes
configure:15310: checking whether the g++ linker (/usr/bin/ld -m elf_x86_64) supports shared libraries
configure:15349: result: yes
configure:15490: checking dynamic linker characteristics
configure:16158: result: GNU/Linux ld.so
configure:16211: checking how to hardcode library paths into programs
configure:16236: result: immediate
configure:16278: checking dependency style of g++
configure:16389: result: gcc3
configure:16452: checking for gcc
configure:16479: result: gcc
configure:16708: checking for C compiler version
configure:16717: gcc --version >&5
gcc (Ubuntu 4.9.1-16ubuntu6) 4.9.1
Copyright (C) 2014 Free Software Foundation, Inc.
This is free software; see the source for copying conditions.  There is NO
warranty; not even for MERCHANTABILITY or FITNESS FOR A PARTICULAR PURPOSE.

configure:16728: $? = 0
configure:16717: gcc -v >&5
Using built-in specs.
COLLECT_GCC=gcc
COLLECT_LTO_WRAPPER=/usr/lib/gcc/x86_64-linux-gnu/4.9/lto-wrapper
Target: x86_64-linux-gnu
Configured with: ../src/configure -v --with-pkgversion='Ubuntu 4.9.1-16ubuntu6' --with-bugurl=file:///usr/share/doc/gcc-4.9/README.Bugs --enable-languages=c,c++,java,go,d,fortran,objc,obj-c++ --prefix=/usr --program-suffix=-4.9 --enable-shared --enable-linker-build-id --libexecdir=/usr/lib --without-included-gettext --enable-threads=posix --with-gxx-include-dir=/usr/include/c++/4.9 --libdir=/usr/lib --enable-nls --with-sysroot=/ --enable-clocale=gnu --enable-libstdcxx-debug --enable-libstdcxx-time=yes --enable-gnu-unique-object --disable-vtable-verify --enable-plugin --with-system-zlib --disable-browser-plugin --enable-java-awt=gtk --enable-gtk-cairo --with-java-home=/usr/lib/jvm/java-1.5.0-gcj-4.9-amd64/jre --enable-java-home --with-jvm-root-dir=/usr/lib/jvm/java-1.5.0-gcj-4.9-amd64 --with-jvm-jar-dir=/usr/lib/jvm-exports/java-1.5.0-gcj-4.9-amd64 --with-arch-directory=amd64 --with-ecj-jar=/usr/share/java/eclipse-ecj.jar --enable-objc-gc --enable-multiarch --disable-werror --with-arch-32=i686 --with-abi=m64 --with-multilib-list=m32,m64,mx32 --enable-multilib --with-tune=generic --enable-checking=release --build=x86_64-linux-gnu --host=x86_64-linux-gnu --target=x86_64-linux-gnu
Thread model: posix
gcc version 4.9.1 (Ubuntu 4.9.1-16ubuntu6) 
configure:16728: $? = 0
configure:16717: gcc -V >&5
gcc: error: unrecognized command line option '-V'
gcc: fatal error: no input files
compilation terminated.
configure:16728: $? = 4
configure:16717: gcc -qversion >&5
gcc: error: unrecognized command line option '-qversion'
gcc: fatal error: no input files
compilation terminated.
configure:16728: $? = 4
configure:16732: checking whether we are using the GNU C compiler
configure:16760: result: yes
configure:16769: checking whether gcc accepts -g
configure:16830: result: yes
configure:16847: checking for gcc option to accept ISO C89
configure:16923: result: none needed
configure:16948: checking whether gcc understands -c and -o together
configure:16985: result: yes
configure:17004: checking dependency style of gcc
configure:17115: result: gcc3
configure:17169: checking math.h usability
configure:17169: gcc -c -g -O2  conftest.c >&5
configure:17169: $? = 0
configure:17169: result: yes
configure:17169: checking math.h presence
configure:17169: gcc -E  conftest.c
configure:17169: $? = 0
configure:17169: result: yes
configure:17169: checking for math.h
configure:17169: result: yes
configure:17175: checking stdio.h usability
configure:17175: gcc -c -g -O2  conftest.c >&5
configure:17175: $? = 0
configure:17175: result: yes
configure:17175: checking stdio.h presence
configure:17175: gcc -E  conftest.c
configure:17175: $? = 0
configure:17175: result: yes
configure:17175: checking for stdio.h
configure:17175: result: yes
configure:17181: checking for stdlib.h
configure:17181: result: yes
configure:17187: checking assert.h usability
configure:17187: gcc -c -g -O2  conftest.c >&5
configure:17187: $? = 0
configure:17187: result: yes
configure:17187: checking assert.h presence
configure:17187: gcc -E  conftest.c
configure:17187: $? = 0
configure:17187: result: yes
configure:17187: checking for assert.h
configure:17187: result: yes
configure:17195: checking setjmp.h usability
configure:17195: gcc -c -g -O2  conftest.c >&5
configure:17195: $? = 0
configure:17195: result: yes
configure:17195: checking setjmp.h presence
configure:17195: gcc -E  conftest.c
configure:17195: $? = 0
configure:17195: result: yes
configure:17195: checking for setjmp.h
configure:17195: result: yes
configure:17207: checking atlas_buildinfo.h usability
configure:17207: gcc -c -g -O2  conftest.c >&5
conftest.c:59:29: fatal error: atlas_buildinfo.h: No such file or directory
 #include <atlas_buildinfo.h>
                             ^
compilation terminated.
configure:17207: $? = 1
configure: failed program was:
| /* confdefs.h */
| #define PACKAGE_NAME "libdrdc"
| #define PACKAGE_TARNAME "libdrdc"
| #define PACKAGE_VERSION "0.2-0"
| #define PACKAGE_STRING "libdrdc 0.2-0"
| #define PACKAGE_BUGREPORT ""
| #define PACKAGE_URL ""
| #define PACKAGE "libdrdc"
| #define VERSION "0.2-0"
| #define STDC_HEADERS 1
| #define HAVE_SYS_TYPES_H 1
| #define HAVE_SYS_STAT_H 1
| #define HAVE_STDLIB_H 1
| #define HAVE_STRING_H 1
| #define HAVE_MEMORY_H 1
| #define HAVE_STRINGS_H 1
| #define HAVE_INTTYPES_H 1
| #define HAVE_STDINT_H 1
| #define HAVE_UNISTD_H 1
| #define HAVE_DLFCN_H 1
| #define LT_OBJDIR ".libs/"
| #define TARGET_OS "gnu"
| #define PACKAGE "libdrdc"
| #define VERSION "0.2-0"
| /* end confdefs.h.  */
| #include <stdio.h>
| #ifdef HAVE_SYS_TYPES_H
| # include <sys/types.h>
| #endif
| #ifdef HAVE_SYS_STAT_H
| # include <sys/stat.h>
| #endif
| #ifdef STDC_HEADERS
| # include <stdlib.h>
| # include <stddef.h>
| #else
| # ifdef HAVE_STDLIB_H
| #  include <stdlib.h>
| # endif
| #endif
| #ifdef HAVE_STRING_H
| # if !defined STDC_HEADERS && defined HAVE_MEMORY_H
| #  include <memory.h>
| # endif
| # include <string.h>
| #endif
| #ifdef HAVE_STRINGS_H
| # include <strings.h>
| #endif
| #ifdef HAVE_INTTYPES_H
| # include <inttypes.h>
| #endif
| #ifdef HAVE_STDINT_H
| # include <stdint.h>
| #endif
| #ifdef HAVE_UNISTD_H
| # include <unistd.h>
| #endif
| #include <atlas_buildinfo.h>
configure:17207: result: no
configure:17207: checking atlas_buildinfo.h presence
configure:17207: gcc -E  conftest.c
conftest.c:26:29: fatal error: atlas_buildinfo.h: No such file or directory
 #include <atlas_buildinfo.h>
                             ^
compilation terminated.
configure:17207: $? = 1
configure: failed program was:
| /* confdefs.h */
| #define PACKAGE_NAME "libdrdc"
| #define PACKAGE_TARNAME "libdrdc"
| #define PACKAGE_VERSION "0.2-0"
| #define PACKAGE_STRING "libdrdc 0.2-0"
| #define PACKAGE_BUGREPORT ""
| #define PACKAGE_URL ""
| #define PACKAGE "libdrdc"
| #define VERSION "0.2-0"
| #define STDC_HEADERS 1
| #define HAVE_SYS_TYPES_H 1
| #define HAVE_SYS_STAT_H 1
| #define HAVE_STDLIB_H 1
| #define HAVE_STRING_H 1
| #define HAVE_MEMORY_H 1
| #define HAVE_STRINGS_H 1
| #define HAVE_INTTYPES_H 1
| #define HAVE_STDINT_H 1
| #define HAVE_UNISTD_H 1
| #define HAVE_DLFCN_H 1
| #define LT_OBJDIR ".libs/"
| #define TARGET_OS "gnu"
| #define PACKAGE "libdrdc"
| #define VERSION "0.2-0"
| /* end confdefs.h.  */
| #include <atlas_buildinfo.h>
configure:17207: result: no
configure:17207: checking for atlas_buildinfo.h
configure:17207: result: no
configure:17213: checking atlas_pthreads.h usability
configure:17213: gcc -c -g -O2  conftest.c >&5
conftest.c:59:28: fatal error: atlas_pthreads.h: No such file or directory
 #include <atlas_pthreads.h>
                            ^
compilation terminated.
configure:17213: $? = 1
configure: failed program was:
| /* confdefs.h */
| #define PACKAGE_NAME "libdrdc"
| #define PACKAGE_TARNAME "libdrdc"
| #define PACKAGE_VERSION "0.2-0"
| #define PACKAGE_STRING "libdrdc 0.2-0"
| #define PACKAGE_BUGREPORT ""
| #define PACKAGE_URL ""
| #define PACKAGE "libdrdc"
| #define VERSION "0.2-0"
| #define STDC_HEADERS 1
| #define HAVE_SYS_TYPES_H 1
| #define HAVE_SYS_STAT_H 1
| #define HAVE_STDLIB_H 1
| #define HAVE_STRING_H 1
| #define HAVE_MEMORY_H 1
| #define HAVE_STRINGS_H 1
| #define HAVE_INTTYPES_H 1
| #define HAVE_STDINT_H 1
| #define HAVE_UNISTD_H 1
| #define HAVE_DLFCN_H 1
| #define LT_OBJDIR ".libs/"
| #define TARGET_OS "gnu"
| #define PACKAGE "libdrdc"
| #define VERSION "0.2-0"
| /* end confdefs.h.  */
| #include <stdio.h>
| #ifdef HAVE_SYS_TYPES_H
| # include <sys/types.h>
| #endif
| #ifdef HAVE_SYS_STAT_H
| # include <sys/stat.h>
| #endif
| #ifdef STDC_HEADERS
| # include <stdlib.h>
| # include <stddef.h>
| #else
| # ifdef HAVE_STDLIB_H
| #  include <stdlib.h>
| # endif
| #endif
| #ifdef HAVE_STRING_H
| # if !defined STDC_HEADERS && defined HAVE_MEMORY_H
| #  include <memory.h>
| # endif
| # include <string.h>
| #endif
| #ifdef HAVE_STRINGS_H
| # include <strings.h>
| #endif
| #ifdef HAVE_INTTYPES_H
| # include <inttypes.h>
| #endif
| #ifdef HAVE_STDINT_H
| # include <stdint.h>
| #endif
| #ifdef HAVE_UNISTD_H
| # include <unistd.h>
| #endif
| #include <atlas_pthreads.h>
configure:17213: result: no
configure:17213: checking atlas_pthreads.h presence
configure:17213: gcc -E  conftest.c
conftest.c:26:28: fatal error: atlas_pthreads.h: No such file or directory
 #include <atlas_pthreads.h>
                            ^
compilation terminated.
configure:17213: $? = 1
configure: failed program was:
| /* confdefs.h */
| #define PACKAGE_NAME "libdrdc"
| #define PACKAGE_TARNAME "libdrdc"
| #define PACKAGE_VERSION "0.2-0"
| #define PACKAGE_STRING "libdrdc 0.2-0"
| #define PACKAGE_BUGREPORT ""
| #define PACKAGE_URL ""
| #define PACKAGE "libdrdc"
| #define VERSION "0.2-0"
| #define STDC_HEADERS 1
| #define HAVE_SYS_TYPES_H 1
| #define HAVE_SYS_STAT_H 1
| #define HAVE_STDLIB_H 1
| #define HAVE_STRING_H 1
| #define HAVE_MEMORY_H 1
| #define HAVE_STRINGS_H 1
| #define HAVE_INTTYPES_H 1
| #define HAVE_STDINT_H 1
| #define HAVE_UNISTD_H 1
| #define HAVE_DLFCN_H 1
| #define LT_OBJDIR ".libs/"
| #define TARGET_OS "gnu"
| #define PACKAGE "libdrdc"
| #define VERSION "0.2-0"
| /* end confdefs.h.  */
| #include <atlas_pthreads.h>
configure:17213: result: no
configure:17213: checking for atlas_pthreads.h
configure:17213: result: no
configure:17219: checking atlas/atlas_f77.h usability
configure:17219: gcc -c -g -O2  conftest.c >&5
conftest.c:59:29: fatal error: atlas/atlas_f77.h: No such file or directory
 #include <atlas/atlas_f77.h>
                             ^
compilation terminated.
configure:17219: $? = 1
configure: failed program was:
| /* confdefs.h */
| #define PACKAGE_NAME "libdrdc"
| #define PACKAGE_TARNAME "libdrdc"
| #define PACKAGE_VERSION "0.2-0"
| #define PACKAGE_STRING "libdrdc 0.2-0"
| #define PACKAGE_BUGREPORT ""
| #define PACKAGE_URL ""
| #define PACKAGE "libdrdc"
| #define VERSION "0.2-0"
| #define STDC_HEADERS 1
| #define HAVE_SYS_TYPES_H 1
| #define HAVE_SYS_STAT_H 1
| #define HAVE_STDLIB_H 1
| #define HAVE_STRING_H 1
| #define HAVE_MEMORY_H 1
| #define HAVE_STRINGS_H 1
| #define HAVE_INTTYPES_H 1
| #define HAVE_STDINT_H 1
| #define HAVE_UNISTD_H 1
| #define HAVE_DLFCN_H 1
| #define LT_OBJDIR ".libs/"
| #define TARGET_OS "gnu"
| #define PACKAGE "libdrdc"
| #define VERSION "0.2-0"
| /* end confdefs.h.  */
| #include <stdio.h>
| #ifdef HAVE_SYS_TYPES_H
| # include <sys/types.h>
| #endif
| #ifdef HAVE_SYS_STAT_H
| # include <sys/stat.h>
| #endif
| #ifdef STDC_HEADERS
| # include <stdlib.h>
| # include <stddef.h>
| #else
| # ifdef HAVE_STDLIB_H
| #  include <stdlib.h>
| # endif
| #endif
| #ifdef HAVE_STRING_H
| # if !defined STDC_HEADERS && defined HAVE_MEMORY_H
| #  include <memory.h>
| # endif
| # include <string.h>
| #endif
| #ifdef HAVE_STRINGS_H
| # include <strings.h>
| #endif
| #ifdef HAVE_INTTYPES_H
| # include <inttypes.h>
| #endif
| #ifdef HAVE_STDINT_H
| # include <stdint.h>
| #endif
| #ifdef HAVE_UNISTD_H
| # include <unistd.h>
| #endif
| #include <atlas/atlas_f77.h>
configure:17219: result: no
configure:17219: checking atlas/atlas_f77.h presence
configure:17219: gcc -E  conftest.c
conftest.c:26:29: fatal error: atlas/atlas_f77.h: No such file or directory
 #include <atlas/atlas_f77.h>
                             ^
compilation terminated.
configure:17219: $? = 1
configure: failed program was:
| /* confdefs.h */
| #define PACKAGE_NAME "libdrdc"
| #define PACKAGE_TARNAME "libdrdc"
| #define PACKAGE_VERSION "0.2-0"
| #define PACKAGE_STRING "libdrdc 0.2-0"
| #define PACKAGE_BUGREPORT ""
| #define PACKAGE_URL ""
| #define PACKAGE "libdrdc"
| #define VERSION "0.2-0"
| #define STDC_HEADERS 1
| #define HAVE_SYS_TYPES_H 1
| #define HAVE_SYS_STAT_H 1
| #define HAVE_STDLIB_H 1
| #define HAVE_STRING_H 1
| #define HAVE_MEMORY_H 1
| #define HAVE_STRINGS_H 1
| #define HAVE_INTTYPES_H 1
| #define HAVE_STDINT_H 1
| #define HAVE_UNISTD_H 1
| #define HAVE_DLFCN_H 1
| #define LT_OBJDIR ".libs/"
| #define TARGET_OS "gnu"
| #define PACKAGE "libdrdc"
| #define VERSION "0.2-0"
| /* end confdefs.h.  */
| #include <atlas/atlas_f77.h>
configure:17219: result: no
configure:17219: checking for atlas/atlas_f77.h
configure:17219: result: no
configure:17225: checking atlas/blas.h usability
configure:17225: gcc -c -g -O2  conftest.c >&5
conftest.c:59:24: fatal error: atlas/blas.h: No such file or directory
 #include <atlas/blas.h>
                        ^
compilation terminated.
configure:17225: $? = 1
configure: failed program was:
| /* confdefs.h */
| #define PACKAGE_NAME "libdrdc"
| #define PACKAGE_TARNAME "libdrdc"
| #define PACKAGE_VERSION "0.2-0"
| #define PACKAGE_STRING "libdrdc 0.2-0"
| #define PACKAGE_BUGREPORT ""
| #define PACKAGE_URL ""
| #define PACKAGE "libdrdc"
| #define VERSION "0.2-0"
| #define STDC_HEADERS 1
| #define HAVE_SYS_TYPES_H 1
| #define HAVE_SYS_STAT_H 1
| #define HAVE_STDLIB_H 1
| #define HAVE_STRING_H 1
| #define HAVE_MEMORY_H 1
| #define HAVE_STRINGS_H 1
| #define HAVE_INTTYPES_H 1
| #define HAVE_STDINT_H 1
| #define HAVE_UNISTD_H 1
| #define HAVE_DLFCN_H 1
| #define LT_OBJDIR ".libs/"
| #define TARGET_OS "gnu"
| #define PACKAGE "libdrdc"
| #define VERSION "0.2-0"
| /* end confdefs.h.  */
| #include <stdio.h>
| #ifdef HAVE_SYS_TYPES_H
| # include <sys/types.h>
| #endif
| #ifdef HAVE_SYS_STAT_H
| # include <sys/stat.h>
| #endif
| #ifdef STDC_HEADERS
| # include <stdlib.h>
| # include <stddef.h>
| #else
| # ifdef HAVE_STDLIB_H
| #  include <stdlib.h>
| # endif
| #endif
| #ifdef HAVE_STRING_H
| # if !defined STDC_HEADERS && defined HAVE_MEMORY_H
| #  include <memory.h>
| # endif
| # include <string.h>
| #endif
| #ifdef HAVE_STRINGS_H
| # include <strings.h>
| #endif
| #ifdef HAVE_INTTYPES_H
| # include <inttypes.h>
| #endif
| #ifdef HAVE_STDINT_H
| # include <stdint.h>
| #endif
| #ifdef HAVE_UNISTD_H
| # include <unistd.h>
| #endif
| #include <atlas/blas.h>
configure:17225: result: no
configure:17225: checking atlas/blas.h presence
configure:17225: gcc -E  conftest.c
conftest.c:26:24: fatal error: atlas/blas.h: No such file or directory
 #include <atlas/blas.h>
                        ^
compilation terminated.
configure:17225: $? = 1
configure: failed program was:
| /* confdefs.h */
| #define PACKAGE_NAME "libdrdc"
| #define PACKAGE_TARNAME "libdrdc"
| #define PACKAGE_VERSION "0.2-0"
| #define PACKAGE_STRING "libdrdc 0.2-0"
| #define PACKAGE_BUGREPORT ""
| #define PACKAGE_URL ""
| #define PACKAGE "libdrdc"
| #define VERSION "0.2-0"
| #define STDC_HEADERS 1
| #define HAVE_SYS_TYPES_H 1
| #define HAVE_SYS_STAT_H 1
| #define HAVE_STDLIB_H 1
| #define HAVE_STRING_H 1
| #define HAVE_MEMORY_H 1
| #define HAVE_STRINGS_H 1
| #define HAVE_INTTYPES_H 1
| #define HAVE_STDINT_H 1
| #define HAVE_UNISTD_H 1
| #define HAVE_DLFCN_H 1
| #define LT_OBJDIR ".libs/"
| #define TARGET_OS "gnu"
| #define PACKAGE "libdrdc"
| #define VERSION "0.2-0"
| /* end confdefs.h.  */
| #include <atlas/blas.h>
configure:17225: result: no
configure:17225: checking for atlas/blas.h
configure:17225: result: no
configure:17231: checking atlas/cblas.h usability
configure:17231: gcc -c -g -O2  conftest.c >&5
configure:17231: $? = 0
configure:17231: result: yes
configure:17231: checking atlas/cblas.h presence
configure:17231: gcc -E  conftest.c
configure:17231: $? = 0
configure:17231: result: yes
configure:17231: checking for atlas/cblas.h
configure:17231: result: yes
configure:17237: checking atlas/atlas.h usability
configure:17237: gcc -c -g -O2  conftest.c >&5
conftest.c:59:25: fatal error: atlas/atlas.h: No such file or directory
 #include <atlas/atlas.h>
                         ^
compilation terminated.
configure:17237: $? = 1
configure: failed program was:
| /* confdefs.h */
| #define PACKAGE_NAME "libdrdc"
| #define PACKAGE_TARNAME "libdrdc"
| #define PACKAGE_VERSION "0.2-0"
| #define PACKAGE_STRING "libdrdc 0.2-0"
| #define PACKAGE_BUGREPORT ""
| #define PACKAGE_URL ""
| #define PACKAGE "libdrdc"
| #define VERSION "0.2-0"
| #define STDC_HEADERS 1
| #define HAVE_SYS_TYPES_H 1
| #define HAVE_SYS_STAT_H 1
| #define HAVE_STDLIB_H 1
| #define HAVE_STRING_H 1
| #define HAVE_MEMORY_H 1
| #define HAVE_STRINGS_H 1
| #define HAVE_INTTYPES_H 1
| #define HAVE_STDINT_H 1
| #define HAVE_UNISTD_H 1
| #define HAVE_DLFCN_H 1
| #define LT_OBJDIR ".libs/"
| #define TARGET_OS "gnu"
| #define PACKAGE "libdrdc"
| #define VERSION "0.2-0"
| /* end confdefs.h.  */
| #include <stdio.h>
| #ifdef HAVE_SYS_TYPES_H
| # include <sys/types.h>
| #endif
| #ifdef HAVE_SYS_STAT_H
| # include <sys/stat.h>
| #endif
| #ifdef STDC_HEADERS
| # include <stdlib.h>
| # include <stddef.h>
| #else
| # ifdef HAVE_STDLIB_H
| #  include <stdlib.h>
| # endif
| #endif
| #ifdef HAVE_STRING_H
| # if !defined STDC_HEADERS && defined HAVE_MEMORY_H
| #  include <memory.h>
| # endif
| # include <string.h>
| #endif
| #ifdef HAVE_STRINGS_H
| # include <strings.h>
| #endif
| #ifdef HAVE_INTTYPES_H
| # include <inttypes.h>
| #endif
| #ifdef HAVE_STDINT_H
| # include <stdint.h>
| #endif
| #ifdef HAVE_UNISTD_H
| # include <unistd.h>
| #endif
| #include <atlas/atlas.h>
configure:17237: result: no
configure:17237: checking atlas/atlas.h presence
configure:17237: gcc -E  conftest.c
conftest.c:26:25: fatal error: atlas/atlas.h: No such file or directory
 #include <atlas/atlas.h>
                         ^
compilation terminated.
configure:17237: $? = 1
configure: failed program was:
| /* confdefs.h */
| #define PACKAGE_NAME "libdrdc"
| #define PACKAGE_TARNAME "libdrdc"
| #define PACKAGE_VERSION "0.2-0"
| #define PACKAGE_STRING "libdrdc 0.2-0"
| #define PACKAGE_BUGREPORT ""
| #define PACKAGE_URL ""
| #define PACKAGE "libdrdc"
| #define VERSION "0.2-0"
| #define STDC_HEADERS 1
| #define HAVE_SYS_TYPES_H 1
| #define HAVE_SYS_STAT_H 1
| #define HAVE_STDLIB_H 1
| #define HAVE_STRING_H 1
| #define HAVE_MEMORY_H 1
| #define HAVE_STRINGS_H 1
| #define HAVE_INTTYPES_H 1
| #define HAVE_STDINT_H 1
| #define HAVE_UNISTD_H 1
| #define HAVE_DLFCN_H 1
| #define LT_OBJDIR ".libs/"
| #define TARGET_OS "gnu"
| #define PACKAGE "libdrdc"
| #define VERSION "0.2-0"
| /* end confdefs.h.  */
| #include <atlas/atlas.h>
configure:17237: result: no
configure:17237: checking for atlas/atlas.h
configure:17237: result: no
configure:17243: checking atlas/clapack.h usability
configure:17243: gcc -c -g -O2  conftest.c >&5
configure:17243: $? = 0
configure:17243: result: yes
configure:17243: checking atlas/clapack.h presence
configure:17243: gcc -E  conftest.c
configure:17243: $? = 0
configure:17243: result: yes
configure:17243: checking for atlas/clapack.h
configure:17243: result: yes
configure:17249: checking atlas.h usability
configure:17249: gcc -c -g -O2  conftest.c >&5
conftest.c:59:19: fatal error: atlas.h: No such file or directory
 #include <atlas.h>
                   ^
compilation terminated.
configure:17249: $? = 1
configure: failed program was:
| /* confdefs.h */
| #define PACKAGE_NAME "libdrdc"
| #define PACKAGE_TARNAME "libdrdc"
| #define PACKAGE_VERSION "0.2-0"
| #define PACKAGE_STRING "libdrdc 0.2-0"
| #define PACKAGE_BUGREPORT ""
| #define PACKAGE_URL ""
| #define PACKAGE "libdrdc"
| #define VERSION "0.2-0"
| #define STDC_HEADERS 1
| #define HAVE_SYS_TYPES_H 1
| #define HAVE_SYS_STAT_H 1
| #define HAVE_STDLIB_H 1
| #define HAVE_STRING_H 1
| #define HAVE_MEMORY_H 1
| #define HAVE_STRINGS_H 1
| #define HAVE_INTTYPES_H 1
| #define HAVE_STDINT_H 1
| #define HAVE_UNISTD_H 1
| #define HAVE_DLFCN_H 1
| #define LT_OBJDIR ".libs/"
| #define TARGET_OS "gnu"
| #define PACKAGE "libdrdc"
| #define VERSION "0.2-0"
| /* end confdefs.h.  */
| #include <stdio.h>
| #ifdef HAVE_SYS_TYPES_H
| # include <sys/types.h>
| #endif
| #ifdef HAVE_SYS_STAT_H
| # include <sys/stat.h>
| #endif
| #ifdef STDC_HEADERS
| # include <stdlib.h>
| # include <stddef.h>
| #else
| # ifdef HAVE_STDLIB_H
| #  include <stdlib.h>
| # endif
| #endif
| #ifdef HAVE_STRING_H
| # if !defined STDC_HEADERS && defined HAVE_MEMORY_H
| #  include <memory.h>
| # endif
| # include <string.h>
| #endif
| #ifdef HAVE_STRINGS_H
| # include <strings.h>
| #endif
| #ifdef HAVE_INTTYPES_H
| # include <inttypes.h>
| #endif
| #ifdef HAVE_STDINT_H
| # include <stdint.h>
| #endif
| #ifdef HAVE_UNISTD_H
| # include <unistd.h>
| #endif
| #include <atlas.h>
configure:17249: result: no
configure:17249: checking atlas.h presence
configure:17249: gcc -E  conftest.c
conftest.c:26:19: fatal error: atlas.h: No such file or directory
 #include <atlas.h>
                   ^
compilation terminated.
configure:17249: $? = 1
configure: failed program was:
| /* confdefs.h */
| #define PACKAGE_NAME "libdrdc"
| #define PACKAGE_TARNAME "libdrdc"
| #define PACKAGE_VERSION "0.2-0"
| #define PACKAGE_STRING "libdrdc 0.2-0"
| #define PACKAGE_BUGREPORT ""
| #define PACKAGE_URL ""
| #define PACKAGE "libdrdc"
| #define VERSION "0.2-0"
| #define STDC_HEADERS 1
| #define HAVE_SYS_TYPES_H 1
| #define HAVE_SYS_STAT_H 1
| #define HAVE_STDLIB_H 1
| #define HAVE_STRING_H 1
| #define HAVE_MEMORY_H 1
| #define HAVE_STRINGS_H 1
| #define HAVE_INTTYPES_H 1
| #define HAVE_STDINT_H 1
| #define HAVE_UNISTD_H 1
| #define HAVE_DLFCN_H 1
| #define LT_OBJDIR ".libs/"
| #define TARGET_OS "gnu"
| #define PACKAGE "libdrdc"
| #define VERSION "0.2-0"
| /* end confdefs.h.  */
| #include <atlas.h>
configure:17249: result: no
configure:17249: checking for atlas.h
configure:17249: result: no
configure:17255: checking for ATL_cswap in -latlas
configure:17280: gcc -o conftest -g -O2   conftest.c -latlas   >&5
configure:17280: $? = 0
configure:17289: result: yes
configure:17302: checking for ATL_cswap
configure:17302: gcc -o conftest -g -O2   conftest.c -latlas  >&5
configure:17302: $? = 0
configure:17302: result: yes
configure:17309: checking for ATL_sdot
configure:17309: gcc -o conftest -g -O2   conftest.c -latlas  >&5
configure:17309: $? = 0
configure:17309: result: yes
configure:17316: checking for ATL_ddot
configure:17316: gcc -o conftest -g -O2   conftest.c -latlas  >&5
configure:17316: $? = 0
configure:17316: result: yes
configure:17334: checking blas.h usability
configure:17334: gcc -c -g -O2  conftest.c >&5
conftest.c:64:18: fatal error: blas.h: No such file or directory
 #include <blas.h>
                  ^
compilation terminated.
configure:17334: $? = 1
configure: failed program was:
| /* confdefs.h */
| #define PACKAGE_NAME "libdrdc"
| #define PACKAGE_TARNAME "libdrdc"
| #define PACKAGE_VERSION "0.2-0"
| #define PACKAGE_STRING "libdrdc 0.2-0"
| #define PACKAGE_BUGREPORT ""
| #define PACKAGE_URL ""
| #define PACKAGE "libdrdc"
| #define VERSION "0.2-0"
| #define STDC_HEADERS 1
| #define HAVE_SYS_TYPES_H 1
| #define HAVE_SYS_STAT_H 1
| #define HAVE_STDLIB_H 1
| #define HAVE_STRING_H 1
| #define HAVE_MEMORY_H 1
| #define HAVE_STRINGS_H 1
| #define HAVE_INTTYPES_H 1
| #define HAVE_STDINT_H 1
| #define HAVE_UNISTD_H 1
| #define HAVE_DLFCN_H 1
| #define LT_OBJDIR ".libs/"
| #define TARGET_OS "gnu"
| #define PACKAGE "libdrdc"
| #define VERSION "0.2-0"
| #define HAVE_LIBATLAS 1
| #define HAVE_ATL_CSWAP 1
| #define HAVE_ATL_SDOT 1
| #define HAVE_ATL_DDOT 1
| #define WITH_ATLAS 1
| /* end confdefs.h.  */
| #include <stdio.h>
| #ifdef HAVE_SYS_TYPES_H
| # include <sys/types.h>
| #endif
| #ifdef HAVE_SYS_STAT_H
| # include <sys/stat.h>
| #endif
| #ifdef STDC_HEADERS
| # include <stdlib.h>
| # include <stddef.h>
| #else
| # ifdef HAVE_STDLIB_H
| #  include <stdlib.h>
| # endif
| #endif
| #ifdef HAVE_STRING_H
| # if !defined STDC_HEADERS && defined HAVE_MEMORY_H
| #  include <memory.h>
| # endif
| # include <string.h>
| #endif
| #ifdef HAVE_STRINGS_H
| # include <strings.h>
| #endif
| #ifdef HAVE_INTTYPES_H
| # include <inttypes.h>
| #endif
| #ifdef HAVE_STDINT_H
| # include <stdint.h>
| #endif
| #ifdef HAVE_UNISTD_H
| # include <unistd.h>
| #endif
| #include <blas.h>
configure:17334: result: no
configure:17334: checking blas.h presence
configure:17334: gcc -E  conftest.c
conftest.c:31:18: fatal error: blas.h: No such file or directory
 #include <blas.h>
                  ^
compilation terminated.
configure:17334: $? = 1
configure: failed program was:
| /* confdefs.h */
| #define PACKAGE_NAME "libdrdc"
| #define PACKAGE_TARNAME "libdrdc"
| #define PACKAGE_VERSION "0.2-0"
| #define PACKAGE_STRING "libdrdc 0.2-0"
| #define PACKAGE_BUGREPORT ""
| #define PACKAGE_URL ""
| #define PACKAGE "libdrdc"
| #define VERSION "0.2-0"
| #define STDC_HEADERS 1
| #define HAVE_SYS_TYPES_H 1
| #define HAVE_SYS_STAT_H 1
| #define HAVE_STDLIB_H 1
| #define HAVE_STRING_H 1
| #define HAVE_MEMORY_H 1
| #define HAVE_STRINGS_H 1
| #define HAVE_INTTYPES_H 1
| #define HAVE_STDINT_H 1
| #define HAVE_UNISTD_H 1
| #define HAVE_DLFCN_H 1
| #define LT_OBJDIR ".libs/"
| #define TARGET_OS "gnu"
| #define PACKAGE "libdrdc"
| #define VERSION "0.2-0"
| #define HAVE_LIBATLAS 1
| #define HAVE_ATL_CSWAP 1
| #define HAVE_ATL_SDOT 1
| #define HAVE_ATL_DDOT 1
| #define WITH_ATLAS 1
| /* end confdefs.h.  */
| #include <blas.h>
configure:17334: result: no
configure:17334: checking for blas.h
configure:17334: result: no
configure:17340: checking cblas.h usability
configure:17340: gcc -c -g -O2  conftest.c >&5
configure:17340: $? = 0
configure:17340: result: yes
configure:17340: checking cblas.h presence
configure:17340: gcc -E  conftest.c
configure:17340: $? = 0
configure:17340: result: yes
configure:17340: checking for cblas.h
configure:17340: result: yes
configure:17346: checking lapack.h usability
configure:17346: gcc -c -g -O2  conftest.c >&5
conftest.c:64:20: fatal error: lapack.h: No such file or directory
 #include <lapack.h>
                    ^
compilation terminated.
configure:17346: $? = 1
configure: failed program was:
| /* confdefs.h */
| #define PACKAGE_NAME "libdrdc"
| #define PACKAGE_TARNAME "libdrdc"
| #define PACKAGE_VERSION "0.2-0"
| #define PACKAGE_STRING "libdrdc 0.2-0"
| #define PACKAGE_BUGREPORT ""
| #define PACKAGE_URL ""
| #define PACKAGE "libdrdc"
| #define VERSION "0.2-0"
| #define STDC_HEADERS 1
| #define HAVE_SYS_TYPES_H 1
| #define HAVE_SYS_STAT_H 1
| #define HAVE_STDLIB_H 1
| #define HAVE_STRING_H 1
| #define HAVE_MEMORY_H 1
| #define HAVE_STRINGS_H 1
| #define HAVE_INTTYPES_H 1
| #define HAVE_STDINT_H 1
| #define HAVE_UNISTD_H 1
| #define HAVE_DLFCN_H 1
| #define LT_OBJDIR ".libs/"
| #define TARGET_OS "gnu"
| #define PACKAGE "libdrdc"
| #define VERSION "0.2-0"
| #define HAVE_LIBATLAS 1
| #define HAVE_ATL_CSWAP 1
| #define HAVE_ATL_SDOT 1
| #define HAVE_ATL_DDOT 1
| #define WITH_ATLAS 1
| /* end confdefs.h.  */
| #include <stdio.h>
| #ifdef HAVE_SYS_TYPES_H
| # include <sys/types.h>
| #endif
| #ifdef HAVE_SYS_STAT_H
| # include <sys/stat.h>
| #endif
| #ifdef STDC_HEADERS
| # include <stdlib.h>
| # include <stddef.h>
| #else
| # ifdef HAVE_STDLIB_H
| #  include <stdlib.h>
| # endif
| #endif
| #ifdef HAVE_STRING_H
| # if !defined STDC_HEADERS && defined HAVE_MEMORY_H
| #  include <memory.h>
| # endif
| # include <string.h>
| #endif
| #ifdef HAVE_STRINGS_H
| # include <strings.h>
| #endif
| #ifdef HAVE_INTTYPES_H
| # include <inttypes.h>
| #endif
| #ifdef HAVE_STDINT_H
| # include <stdint.h>
| #endif
| #ifdef HAVE_UNISTD_H
| # include <unistd.h>
| #endif
| #include <lapack.h>
configure:17346: result: no
configure:17346: checking lapack.h presence
configure:17346: gcc -E  conftest.c
conftest.c:31:20: fatal error: lapack.h: No such file or directory
 #include <lapack.h>
                    ^
compilation terminated.
configure:17346: $? = 1
configure: failed program was:
| /* confdefs.h */
| #define PACKAGE_NAME "libdrdc"
| #define PACKAGE_TARNAME "libdrdc"
| #define PACKAGE_VERSION "0.2-0"
| #define PACKAGE_STRING "libdrdc 0.2-0"
| #define PACKAGE_BUGREPORT ""
| #define PACKAGE_URL ""
| #define PACKAGE "libdrdc"
| #define VERSION "0.2-0"
| #define STDC_HEADERS 1
| #define HAVE_SYS_TYPES_H 1
| #define HAVE_SYS_STAT_H 1
| #define HAVE_STDLIB_H 1
| #define HAVE_STRING_H 1
| #define HAVE_MEMORY_H 1
| #define HAVE_STRINGS_H 1
| #define HAVE_INTTYPES_H 1
| #define HAVE_STDINT_H 1
| #define HAVE_UNISTD_H 1
| #define HAVE_DLFCN_H 1
| #define LT_OBJDIR ".libs/"
| #define TARGET_OS "gnu"
| #define PACKAGE "libdrdc"
| #define VERSION "0.2-0"
| #define HAVE_LIBATLAS 1
| #define HAVE_ATL_CSWAP 1
| #define HAVE_ATL_SDOT 1
| #define HAVE_ATL_DDOT 1
| #define WITH_ATLAS 1
| /* end confdefs.h.  */
| #include <lapack.h>
configure:17346: result: no
configure:17346: checking for lapack.h
configure:17346: result: no
configure:17352: checking clapack.h usability
configure:17352: gcc -c -g -O2  conftest.c >&5
conftest.c:64:21: fatal error: clapack.h: No such file or directory
 #include <clapack.h>
                     ^
compilation terminated.
configure:17352: $? = 1
configure: failed program was:
| /* confdefs.h */
| #define PACKAGE_NAME "libdrdc"
| #define PACKAGE_TARNAME "libdrdc"
| #define PACKAGE_VERSION "0.2-0"
| #define PACKAGE_STRING "libdrdc 0.2-0"
| #define PACKAGE_BUGREPORT ""
| #define PACKAGE_URL ""
| #define PACKAGE "libdrdc"
| #define VERSION "0.2-0"
| #define STDC_HEADERS 1
| #define HAVE_SYS_TYPES_H 1
| #define HAVE_SYS_STAT_H 1
| #define HAVE_STDLIB_H 1
| #define HAVE_STRING_H 1
| #define HAVE_MEMORY_H 1
| #define HAVE_STRINGS_H 1
| #define HAVE_INTTYPES_H 1
| #define HAVE_STDINT_H 1
| #define HAVE_UNISTD_H 1
| #define HAVE_DLFCN_H 1
| #define LT_OBJDIR ".libs/"
| #define TARGET_OS "gnu"
| #define PACKAGE "libdrdc"
| #define VERSION "0.2-0"
| #define HAVE_LIBATLAS 1
| #define HAVE_ATL_CSWAP 1
| #define HAVE_ATL_SDOT 1
| #define HAVE_ATL_DDOT 1
| #define WITH_ATLAS 1
| /* end confdefs.h.  */
| #include <stdio.h>
| #ifdef HAVE_SYS_TYPES_H
| # include <sys/types.h>
| #endif
| #ifdef HAVE_SYS_STAT_H
| # include <sys/stat.h>
| #endif
| #ifdef STDC_HEADERS
| # include <stdlib.h>
| # include <stddef.h>
| #else
| # ifdef HAVE_STDLIB_H
| #  include <stdlib.h>
| # endif
| #endif
| #ifdef HAVE_STRING_H
| # if !defined STDC_HEADERS && defined HAVE_MEMORY_H
| #  include <memory.h>
| # endif
| # include <string.h>
| #endif
| #ifdef HAVE_STRINGS_H
| # include <strings.h>
| #endif
| #ifdef HAVE_INTTYPES_H
| # include <inttypes.h>
| #endif
| #ifdef HAVE_STDINT_H
| # include <stdint.h>
| #endif
| #ifdef HAVE_UNISTD_H
| # include <unistd.h>
| #endif
| #include <clapack.h>
configure:17352: result: no
configure:17352: checking clapack.h presence
configure:17352: gcc -E  conftest.c
conftest.c:31:21: fatal error: clapack.h: No such file or directory
 #include <clapack.h>
                     ^
compilation terminated.
configure:17352: $? = 1
configure: failed program was:
| /* confdefs.h */
| #define PACKAGE_NAME "libdrdc"
| #define PACKAGE_TARNAME "libdrdc"
| #define PACKAGE_VERSION "0.2-0"
| #define PACKAGE_STRING "libdrdc 0.2-0"
| #define PACKAGE_BUGREPORT ""
| #define PACKAGE_URL ""
| #define PACKAGE "libdrdc"
| #define VERSION "0.2-0"
| #define STDC_HEADERS 1
| #define HAVE_SYS_TYPES_H 1
| #define HAVE_SYS_STAT_H 1
| #define HAVE_STDLIB_H 1
| #define HAVE_STRING_H 1
| #define HAVE_MEMORY_H 1
| #define HAVE_STRINGS_H 1
| #define HAVE_INTTYPES_H 1
| #define HAVE_STDINT_H 1
| #define HAVE_UNISTD_H 1
| #define HAVE_DLFCN_H 1
| #define LT_OBJDIR ".libs/"
| #define TARGET_OS "gnu"
| #define PACKAGE "libdrdc"
| #define VERSION "0.2-0"
| #define HAVE_LIBATLAS 1
| #define HAVE_ATL_CSWAP 1
| #define HAVE_ATL_SDOT 1
| #define HAVE_ATL_DDOT 1
| #define WITH_ATLAS 1
| /* end confdefs.h.  */
| #include <clapack.h>
configure:17352: result: no
configure:17352: checking for clapack.h
configure:17352: result: no
configure:17360: checking for fabs in -lm
configure:17385: gcc -o conftest -g -O2   conftest.c -lm  -latlas  >&5
conftest.c:38:6: warning: conflicting types for built-in function 'fabs'
 char fabs ();
      ^
configure:17385: $? = 0
configure:17394: result: yes
configure:17408: checking for dgemm_ in -lblas
configure:17433: gcc -o conftest -g -O2   conftest.c -lblas  -lm -latlas  >&5
configure:17433: $? = 0
configure:17442: result: yes
configure:17455: checking for cblas_xerbla in -lcblas
configure:17480: gcc -o conftest -g -O2   conftest.c -lcblas  -lblas -lm -latlas  >&5
configure:17480: $? = 0
configure:17489: result: yes
configure:17678: checking that generated files are newer than configure
configure:17684: result: done
configure:17747: creating ./config.status

## ---------------- ##
## Cache variables. ##
## ---------------- ##

ac_cv_build=x86_64-unknown-linux-gnu
ac_cv_c_compiler_gnu=yes
ac_cv_cxx_compiler_gnu=yes
ac_cv_env_CCC_set=
ac_cv_env_CCC_value=
ac_cv_env_CC_set=
ac_cv_env_CC_value=
ac_cv_env_CFLAGS_set=
ac_cv_env_CFLAGS_value=
ac_cv_env_CPPFLAGS_set=
ac_cv_env_CPPFLAGS_value=
ac_cv_env_CPP_set=
ac_cv_env_CPP_value=
ac_cv_env_CXXCPP_set=
ac_cv_env_CXXCPP_value=
ac_cv_env_CXXFLAGS_set=
ac_cv_env_CXXFLAGS_value=
ac_cv_env_CXX_set=
ac_cv_env_CXX_value=
ac_cv_env_LDFLAGS_set=
ac_cv_env_LDFLAGS_value=
ac_cv_env_LIBS_set=
ac_cv_env_LIBS_value=
ac_cv_env_PKG_CONFIG_LIBDIR_set=
ac_cv_env_PKG_CONFIG_LIBDIR_value=
ac_cv_env_PKG_CONFIG_PATH_set=
ac_cv_env_PKG_CONFIG_PATH_value=
ac_cv_env_PKG_CONFIG_set=
ac_cv_env_PKG_CONFIG_value=
ac_cv_env_build_alias_set=
ac_cv_env_build_alias_value=
ac_cv_env_host_alias_set=
ac_cv_env_host_alias_value=
ac_cv_env_target_alias_set=
ac_cv_env_target_alias_value=
ac_cv_func_ATL_cswap=yes
ac_cv_func_ATL_ddot=yes
ac_cv_func_ATL_sdot=yes
ac_cv_header_assert_h=yes
ac_cv_header_atlas_atlas_f77_h=no
ac_cv_header_atlas_atlas_h=no
ac_cv_header_atlas_blas_h=no
ac_cv_header_atlas_buildinfo_h=no
ac_cv_header_atlas_cblas_h=yes
ac_cv_header_atlas_clapack_h=yes
ac_cv_header_atlas_h=no
ac_cv_header_atlas_pthreads_h=no
ac_cv_header_blas_h=no
ac_cv_header_cblas_h=yes
ac_cv_header_clapack_h=no
ac_cv_header_dlfcn_h=yes
ac_cv_header_inttypes_h=yes
ac_cv_header_lapack_h=no
ac_cv_header_math_h=yes
ac_cv_header_memory_h=yes
ac_cv_header_setjmp_h=yes
ac_cv_header_stdc=yes
ac_cv_header_stdint_h=yes
ac_cv_header_stdio_h=yes
ac_cv_header_stdlib_h=yes
ac_cv_header_string_h=yes
ac_cv_header_strings_h=yes
ac_cv_header_sys_stat_h=yes
ac_cv_header_sys_types_h=yes
ac_cv_header_unistd_h=yes
ac_cv_host=x86_64-unknown-linux-gnu
ac_cv_lib_atlas_ATL_cswap=yes
ac_cv_lib_blas_dgemm_=yes
ac_cv_lib_cblas_cblas_xerbla=yes
ac_cv_lib_m_fabs=yes
ac_cv_objext=o
ac_cv_path_EGREP='/bin/grep -E'
ac_cv_path_FGREP='/bin/grep -F'
ac_cv_path_GREP=/bin/grep
ac_cv_path_SED=/bin/sed
ac_cv_path_ac_pt_PKG_CONFIG=/usr/bin/pkg-config
ac_cv_path_install='/usr/bin/install -c'
ac_cv_path_mkdir=/bin/mkdir
ac_cv_prog_AWK=gawk
ac_cv_prog_CPP='gcc -E'
ac_cv_prog_CXXCPP='g++ -E'
ac_cv_prog_ac_ct_AR=ar
ac_cv_prog_ac_ct_CC=gcc
ac_cv_prog_ac_ct_CXX=g++
ac_cv_prog_ac_ct_MANIFEST_TOOL=mt
ac_cv_prog_ac_ct_OBJDUMP=objdump
ac_cv_prog_ac_ct_RANLIB=ranlib
ac_cv_prog_ac_ct_STRIP=strip
ac_cv_prog_cc_c89=
ac_cv_prog_cc_c99=-std=gnu99
ac_cv_prog_cc_g=yes
ac_cv_prog_cc_stdc=-std=gnu99
ac_cv_prog_cxx_g=yes
ac_cv_prog_make_make_set=yes
ac_cv_target=x86_64-unknown-linux-gnu
am_cv_CC_dependencies_compiler_type=gcc3
am_cv_CXX_dependencies_compiler_type=gcc3
am_cv_ar_interface=ar
am_cv_make_support_nested_variables=yes
am_cv_prog_cc_c_o=yes
lt_cv_ar_at_file=@
lt_cv_archive_cmds_need_lc=no
lt_cv_deplibs_check_method=pass_all
lt_cv_file_magic_cmd='$MAGIC_CMD'
lt_cv_file_magic_test_file=
lt_cv_ld_reload_flag=-r
lt_cv_nm_interface='BSD nm'
lt_cv_objdir=.libs
lt_cv_path_LD=/usr/bin/ld
lt_cv_path_LDCXX='/usr/bin/ld -m elf_x86_64'
lt_cv_path_NM='/usr/bin/nm -B'
lt_cv_path_mainfest_tool=no
lt_cv_prog_compiler_c_o=yes
lt_cv_prog_compiler_c_o_CXX=yes
lt_cv_prog_compiler_pic='-fPIC -DPIC'
lt_cv_prog_compiler_pic_CXX='-fPIC -DPIC'
lt_cv_prog_compiler_pic_works=yes
lt_cv_prog_compiler_pic_works_CXX=yes
lt_cv_prog_compiler_rtti_exceptions=no
lt_cv_prog_compiler_static_works=yes
lt_cv_prog_compiler_static_works_CXX=yes
lt_cv_prog_gnu_ld=yes
lt_cv_prog_gnu_ldcxx=yes
lt_cv_sharedlib_from_linklib_cmd='printf %s\n'
lt_cv_shlibpath_overrides_runpath=no
lt_cv_sys_global_symbol_pipe='sed -n -e '\''s/^.*[	 ]\([ABCDGIRSTW][ABCDGIRSTW]*\)[	 ][	 ]*\([_A-Za-z][_A-Za-z0-9]*\)$/\1 \2 \2/p'\'' | sed '\''/ __gnu_lto/d'\'''
lt_cv_sys_global_symbol_to_c_name_address='sed -n -e '\''s/^: \([^ ]*\)[ ]*$/  {\"\1\", (void *) 0},/p'\'' -e '\''s/^[ABCDGIRSTW]* \([^ ]*\) \([^ ]*\)$/  {"\2", (void *) \&\2},/p'\'''
lt_cv_sys_global_symbol_to_c_name_address_lib_prefix='sed -n -e '\''s/^: \([^ ]*\)[ ]*$/  {\"\1\", (void *) 0},/p'\'' -e '\''s/^[ABCDGIRSTW]* \([^ ]*\) \(lib[^ ]*\)$/  {"\2", (void *) \&\2},/p'\'' -e '\''s/^[ABCDGIRSTW]* \([^ ]*\) \([^ ]*\)$/  {"lib\2", (void *) \&\2},/p'\'''
lt_cv_sys_global_symbol_to_cdecl='sed -n -e '\''s/^T .* \(.*\)$/extern int \1();/p'\'' -e '\''s/^[ABCDGIRSTW]* .* \(.*\)$/extern char \1;/p'\'''
lt_cv_sys_max_cmd_len=1572864
lt_cv_to_host_file_cmd=func_convert_file_noop
lt_cv_to_tool_file_cmd=func_convert_file_noop

## ----------------- ##
## Output variables. ##
## ----------------- ##

ACLOCAL='${SHELL} /home/dave/src/github-libdrdc/libdrdc-Interoperability-Data-Standards-Library/missing aclocal-1.14'
AMDEPBACKSLASH='\'
AMDEP_FALSE='#'
AMDEP_TRUE=''
AMTAR='$${TAR-tar}'
AM_BACKSLASH='\'
AM_DEFAULT_V='$(AM_DEFAULT_VERBOSITY)'
AM_DEFAULT_VERBOSITY='1'
AM_V='$(V)'
AR='ar'
AUTOCONF='${SHELL} /home/dave/src/github-libdrdc/libdrdc-Interoperability-Data-Standards-Library/missing autoconf'
AUTOHEADER='${SHELL} /home/dave/src/github-libdrdc/libdrdc-Interoperability-Data-Standards-Library/missing autoheader'
AUTOMAKE='${SHELL} /home/dave/src/github-libdrdc/libdrdc-Interoperability-Data-Standards-Library/missing automake-1.14'
AWK='gawk'
CC='gcc'
CCDEPMODE='depmode=gcc3'
CFLAGS='-g -O2'
CPP='gcc -E'
CPPFLAGS=''
CXX='g++'
CXXCPP='g++ -E'
CXXDEPMODE='depmode=gcc3'
CXXFLAGS='-g -O2'
CYGPATH_W='echo'
DATE='Thu Mar 19 20:19:52 MDT 2015'
DEFS='-DHAVE_CONFIG_H'
DEPDIR='.deps'
DLLTOOL='false'
DRDC_PREFIX='libdrdc'
DSYMUTIL=''
DUMPBIN=''
ECHO_C=''
ECHO_N='-n'
ECHO_T=''
EGREP='/bin/grep -E'
EXEEXT=''
EXTRAS_FALSE=''
EXTRAS_TRUE='#'
F2CBLAS_FALSE=''
F2CBLAS_TRUE='#'
FGREP='/bin/grep -F'
GREP='/bin/grep'
INSTALL_DATA='${INSTALL} -m 644'
INSTALL_PROGRAM='${INSTALL}'
INSTALL_SCRIPT='${INSTALL}'
INSTALL_STRIP_PROGRAM='$(install_sh) -c -s'
LD='/usr/bin/ld -m elf_x86_64'
LDFLAGS=''
LIBOBJS=''
LIBS='-lcblas -lblas -lm -latlas '
LIBTOOL='$(SHELL) $(top_builddir)/libtool'
LIB_VER='0.2-0'
LIPO=''
LN_S='ln -s'
LTLIBOBJS=''
MAJORVERSION='0'
MAKEINFO='${SHELL} /home/dave/src/github-libdrdc/libdrdc-Interoperability-Data-Standards-Library/missing makeinfo'
MANIFEST_TOOL=':'
MINORVERSION='2'
MKDIR_P='/bin/mkdir -p'
NM='/usr/bin/nm -B'
NMEDIT=''
OBJDUMP='objdump'
OBJEXT='o'
OTOOL64=''
OTOOL=''
PACKAGE='libdrdc'
PACKAGE_BUGREPORT=''
PACKAGE_NAME='libdrdc'
PACKAGE_STRING='libdrdc 0.2-0'
PACKAGE_TARNAME='libdrdc'
PACKAGE_URL=''
PACKAGE_VERSION='0.2-0'
PATH_SEPARATOR=':'
PKG_CONFIG='/usr/bin/pkg-config'
PKG_CONFIG_LIBDIR=''
PKG_CONFIG_PATH=''
RANLIB='ranlib'
REL_VER='0'
REVISION='0'
SED='/bin/sed'
SET_MAKE=''
SHELL='/bin/bash'
STRIP='strip'
TARGET_OS='gnu'
TESTS_FALSE=''
TESTS_TRUE='#'
VERSION='0.2-0'
WITH_ATLAS=''
ac_ct_AR='ar'
ac_ct_CC='gcc'
ac_ct_CXX='g++'
ac_ct_DUMPBIN=''
am__EXEEXT_FALSE=''
am__EXEEXT_TRUE='#'
am__fastdepCC_FALSE='#'
am__fastdepCC_TRUE=''
am__fastdepCXX_FALSE='#'
am__fastdepCXX_TRUE=''
am__include='include'
am__isrc=''
am__leading_dot='.'
am__nodep='_no'
am__quote=''
am__tar='$${TAR-tar} chof - "$$tardir"'
am__untar='$${TAR-tar} xf -'
bindir='${exec_prefix}/bin'
build='x86_64-unknown-linux-gnu'
build_alias=''
build_cpu='x86_64'
build_os='linux-gnu'
build_vendor='unknown'
datadir='${datarootdir}'
datarootdir='${prefix}/share'
docdir='${datarootdir}/doc/${PACKAGE_TARNAME}'
dvidir='${docdir}'
exec_prefix='${prefix}'
host='x86_64-unknown-linux-gnu'
host_alias=''
host_cpu='x86_64'
host_os='linux-gnu'
host_vendor='unknown'
htmldir='${docdir}'
includedir='${prefix}/include/libdrdc'
infodir='${datarootdir}/info'
install_sh='${SHELL} /home/dave/src/github-libdrdc/libdrdc-Interoperability-Data-Standards-Library/install-sh'
libdir='${exec_prefix}/lib/libdrdc'
libexecdir='${exec_prefix}/libexec'
localedir='${datarootdir}/locale'
localstatedir='${prefix}/var'
mandir='${datarootdir}/man'
mkdir_p='$(MKDIR_P)'
oldincludedir='/usr/include'
pdfdir='${docdir}'
pkgconfigdir='${libdir}/pkgconfig'
prefix='/usr/local'
program_transform_name='s,x,x,'
psdir='${docdir}'
sbindir='${exec_prefix}/sbin'
sharedstatedir='${prefix}/com'
srcdir='.'
sysconfdir='${prefix}/etc'
target='x86_64-unknown-linux-gnu'
target_alias=''
target_cpu='x86_64'
target_os='linux-gnu'
target_vendor='unknown'

## ----------- ##
## confdefs.h. ##
## ----------- ##

/* confdefs.h */
#define PACKAGE_NAME "libdrdc"
#define PACKAGE_TARNAME "libdrdc"
#define PACKAGE_VERSION "0.2-0"
#define PACKAGE_STRING "libdrdc 0.2-0"
#define PACKAGE_BUGREPORT ""
#define PACKAGE_URL ""
#define PACKAGE "libdrdc"
#define VERSION "0.2-0"
#define STDC_HEADERS 1
#define HAVE_SYS_TYPES_H 1
#define HAVE_SYS_STAT_H 1
#define HAVE_STDLIB_H 1
#define HAVE_STRING_H 1
#define HAVE_MEMORY_H 1
#define HAVE_STRINGS_H 1
#define HAVE_INTTYPES_H 1
#define HAVE_STDINT_H 1
#define HAVE_UNISTD_H 1
#define HAVE_DLFCN_H 1
#define LT_OBJDIR ".libs/"
#define TARGET_OS "gnu"
#define PACKAGE "libdrdc"
#define VERSION "0.2-0"
#define HAVE_LIBATLAS 1
#define HAVE_ATL_CSWAP 1
#define HAVE_ATL_SDOT 1
#define HAVE_ATL_DDOT 1
#define WITH_ATLAS 1
#define HAVE_LIBM 1
#define HAVE_LIBBLAS 1
#define HAVE_LIBCBLAS 1

configure: exit 0

## ---------------------- ##
## Running config.status. ##
## ---------------------- ##

This file was extended by libdrdc config.status 0.2-0, which was
generated by GNU Autoconf 2.69.  Invocation command line was

  CONFIG_FILES    = 
  CONFIG_HEADERS  = 
  CONFIG_LINKS    = 
  CONFIG_COMMANDS = 
  $ ./config.status 

on dropship

config.status:1200: creating Makefile
config.status:1200: creating doxygen/libdrdc.cfg
config.status:1200: creating src/Makefile
config.status:1200: creating src/cexcept/Makefile
config.status:1200: creating src/coordinate/Makefile
config.status:1200: creating src/matrix_ops/Makefile
config.status:1200: creating src/homogeneous/Makefile
config.status:1200: creating src/quaternion/Makefile
config.status:1200: creating src/time_conv/Makefile
config.status:1200: creating src/unit_conv/Makefile
config.status:1200: creating src/data_conv/Makefile
config.status:1200: creating src/wrapper/Makefile
config.status:1200: creating src/sglib/Makefile
config.status:1200: creating libdrdc.pc
config.status:1200: creating config.h
config.status:1381: config.h is unchanged
config.status:1429: executing depfiles commands
config.status:1429: executing libtool commands
